<?xml version="1.0" encoding="UTF-8"?>
<testsuite name="Cucumber" time="66.38" tests="2" skipped="0" failures="1" errors="0">
<testcase classname="feature to test google search functionality" name="" time="66.041">
<system-out><![CDATA[
Given Browser is open.......................................................passed
And user is on google search page...........................................passed
When user enters a text in search box.......................................passed
And hits enter..............................................................passed
Then user is navigated to search results page...............................passed
]]></system-out>
</testcase>
<testcase classname="feature to test login functionality" name="Check login is successful with valid credentilas" time="0.005">
<failure/>
<system-out><![CDATA[
Given user is on login page.................................................undefined
When user enters username and password......................................skipped
And clicks on login button..................................................skipped
Then user is navigated to the home page.....................................skipped
]]></system-out>
</testcase>
</testsuite>
