<?xml version="1.0" encoding="UTF-8"?>
<testsuite name="Cucumber" time="5.146" tests="2" skipped="0" failures="0" errors="0">
<testcase classname="Check login functionality" name="" time="3.396">
<system-out><![CDATA[
Given user is on login page.................................................passed
When user enters valid username and password................................passed
And clicks on login button..................................................passed
Then user is navigatd to home page..........................................passed
]]></system-out>
</testcase>
<testcase classname="Check login functionality" name="" time="1.502">
<system-out><![CDATA[
Given user is on login page.................................................passed
When user enters valid username and password................................passed
And clicks on login button..................................................passed
Then user is navigatd to home page..........................................passed
]]></system-out>
</testcase>
</testsuite>
